<?xml version="1.0" encoding="UTF-8"?>
<!-- Generated by org.testng.reporters.JUnitXMLReporter -->
<testsuite ignored="2" hostname="LAPTOP-O03F5P6F" failures="0" tests="1" name="BatchTest(failed)(failed)" time="11.995" errors="0" timestamp="2024-05-13T17:31:38 IST">
  <testcase classname="TestNGTest.CreateOrgTest" name="createOrgNameTest" time="6.117"/>
  <testcase classname="TestNGTest.CreateOrgTest" name="createOrgNameIndustryTest" time="0.0">
    <ignored/>
  </testcase> <!-- createOrgNameIndustryTest -->
  <testcase classname="TestNGTest.CreateOrgTest" name="createOrgNameContactTest" time="0.0">
    <ignored/>
  </testcase> <!-- createOrgNameContactTest -->
</testsuite> <!-- BatchTest(failed)(failed) -->
