<?xml version="1.0" encoding="UTF-8"?>
<!-- Generated by org.testng.reporters.JUnitXMLReporter -->
<testsuite ignored="6" hostname="LAPTOP-O03F5P6F" failures="0" tests="2" name="Test" time="81.234" errors="0" timestamp="2024-05-14T09:18:03 IST">
  <testcase classname="TestNGTest.CreateOrgTest" name="createOrgNameTest" time="12.392"/>
  <testcase classname="TestNGTest.CreateContactTest" name="createContactWithMandatoryInfoTest" time="16.864"/>
  <testcase classname="TestNGTest.CreateOrgTest" name="createOrgNameIndustryTest" time="0.0">
    <ignored/>
  </testcase> <!-- createOrgNameIndustryTest -->
  <testcase classname="Com.Comcast.crm.Genric.CommFilesUtility.BS_Class" name="@AfterSuite DisconnectFromDB" time="0.0">
    <ignored/>
  </testcase> <!-- @AfterSuite DisconnectFromDB -->
  <testcase classname="TestNGTest.CreateOrgTest" name="createOrgNameContactTest" time="0.0">
    <ignored/>
  </testcase> <!-- createOrgNameContactTest -->
  <testcase classname="TestNGTest.CreateContactTest" name="createContactWithOrgName" time="0.0">
    <ignored/>
  </testcase> <!-- createContactWithOrgName -->
  <testcase classname="Com.Comcast.crm.Genric.CommFilesUtility.BS_Class" name="@BeforeSuite connectToDB" time="0.0">
    <ignored/>
  </testcase> <!-- @BeforeSuite connectToDB -->
  <testcase classname="TestNGTest.CreateContactTest" name="createContactDateTest" time="0.0">
    <ignored/>
  </testcase> <!-- createContactDateTest -->
</testsuite> <!-- Test -->
